<?xml version="1.0" encoding="UTF-8"?>
<!-- Generated by org.testng.reporters.JUnitReportReporter -->
<testsuite skipped="0" hostname="MANISH" name="com.qa.dockervalidation.StartDocker" tests="1" failures="0" timestamp="2020-08-16T21:23:30 IST" time="0.101" errors="0">
  <testcase name="startFile" time="0.101" classname="com.qa.dockervalidation.StartDocker"/>
  <system-out/>
</testsuite> <!-- com.qa.dockervalidation.StartDocker -->
